<?xml version="1.0" encoding="UTF-8"?>
<!-- Generated by org.testng.reporters.JUnitXMLReporter -->
<testsuite ignored="0" hostname="ASUS-FX503-VARISHT" failures="1" tests="4" name="Amazon Store Test Cases" time="46.739" errors="0" timestamp="2022-04-10T14:31:59 IST">
  <testcase classname="com.amazon.qa.testcases.HomePageTest" name="searchForProductAndVerifyList" time="3.871">
    <failure type="java.lang.AssertionError" message="List is having different Product expected [true] but found [false]">
      <![CDATA[java.lang.AssertionError: List is having different Product expected [true] but found [false]
at com.amazon.qa.testcases.HomePageTest.searchForProductAndVerifyList(HomePageTest.java:42)
at java.base/java.util.ArrayList.forEach(ArrayList.java:1507)
... Removed 32 stack frames]]>
    </failure>
  </testcase> <!-- searchForProductAndVerifyList -->
  <testcase classname="com.amazon.qa.testcases.HomePageTest" name="addProductToCardAndVerify" time="9.451"/>
  <testcase classname="com.amazon.qa.testcases.HomePageTest" name="increaseItemsAndVerifyPrice" time="9.409"/>
  <testcase classname="com.amazon.qa.testcases.HomePageTest" name="removeItemsAndVerifyPrice" time="9.449"/>
</testsuite> <!-- Amazon Store Test Cases -->
