<?xml version="1.0" encoding="UTF-8"?>
<!-- Generated by org.testng.reporters.JUnitXMLReporter -->
<testsuite ignored="0" hostname="ASUS-FX503-VARISHT" failures="2" tests="2" name="Free Amazon Store Test Cases" time="7.977" errors="0" timestamp="2022-04-10T12:13:34 IST">
  <testcase classname="com.amazon.qa.testcases.HomePageTest" name="verifyHomePageTitleTest" time="0.004">
    <failure type="java.lang.NullPointerException">
      <![CDATA[java.lang.NullPointerException
at com.amazon.qa.testcases.HomePageTest.verifyHomePageTitleTest(HomePageTest.java:40)
at java.base/java.util.ArrayList.forEach(ArrayList.java:1507)
... Removed 27 stack frames]]>
    </failure>
  </testcase> <!-- verifyHomePageTitleTest -->
  <testcase classname="com.amazon.qa.testcases.HomePageTest" name="searchForProductAndVerifyList" time="0.066">
    <failure type="java.lang.NullPointerException">
      <![CDATA[java.lang.NullPointerException
at com.amazon.qa.testcases.HomePageTest.searchForProductAndVerifyList(HomePageTest.java:48)
at java.base/java.util.ArrayList.forEach(ArrayList.java:1507)
... Removed 27 stack frames]]>
    </failure>
  </testcase> <!-- searchForProductAndVerifyList -->
</testsuite> <!-- Free Amazon Store Test Cases -->
