<?xml version="1.0" encoding="UTF-8"?>
<!-- Generated by org.testng.reporters.JUnitXMLReporter -->
<testsuite ignored="0" hostname="ASUS-FX503-VARISHT" failures="0" tests="4" name="Default test" time="49.662" errors="0" timestamp="2022-04-10T14:49:19 IST">
  <testcase classname="com.amazon.qa.testcases.HomePageTest" name="searchForProductAndVerifyList" time="3.859"/>
  <testcase classname="com.amazon.qa.testcases.HomePageTest" name="addProductToCardAndVerify" time="9.583"/>
  <testcase classname="com.amazon.qa.testcases.HomePageTest" name="increaseItemsAndVerifyPrice" time="10.207"/>
  <testcase classname="com.amazon.qa.testcases.HomePageTest" name="removeItemsAndVerifyPrice" time="10.206"/>
</testsuite> <!-- Default test -->
